2020-04-09 07:48:44:4844 info: Application is running on port undefined
2020-04-09 07:51:26:5126 info: Application is running on port undefined
2020-04-09 07:52:15:5215 info: Application is running on port undefined
2020-04-09 07:52:44:5244 info: Application is running on port 3000
2020-04-09 09:07:42:742 info: Application is running on port 3000
2020-04-09 09:11:36:1136 info: Application is running on port 3000
2020-04-09 09:13:22:1322 info: Application is running on port 3000
2020-04-09 09:13:24:1324 info: Application is running on port 3000
2020-04-09 09:13:27:1327 info: Application is running on port 3000
2020-04-09 09:15:00:150 info: Application is running on port 3000
2020-04-09 09:15:05:155 info: Application is running on port 3000
2020-04-09 09:15:24:1524 info: Application is running on port 3000
2020-04-09 09:15:26:1526 info: Application is running on port 3000
2020-04-09 09:15:30:1530 info: Application is running on port 3000
2020-04-09 09:15:56:1556 info: Application is running on port 3000
2020-04-09 09:16:07:167 info: Application is running on port 3000
2020-04-09 09:16:13:1613 info: Application is running on port 3000
2020-04-09 20:56:46:5646 info: Application is running on port 3000
2020-04-09 20:56:52:5652 info: Application is running on port 3000
2020-04-09 20:56:54:5654 info: Application is running on port 3000
2020-04-09 20:56:55:5655 info: Application is running on port 3000
2020-04-09 20:56:58:5658 info: Application is running on port 3000
2020-04-09 20:57:06:576 info: Application is running on port 3000
2020-04-09 20:57:08:578 info: Application is running on port 3000
2020-04-09 20:57:20:5720 info: Application is running on port 3000
2020-04-09 20:57:27:5727 info: Application is running on port 3000
2020-04-09 20:57:34:5734 info: Application is running on port 3000
2020-04-09 20:57:40:5740 info: Application is running on port 3000
2020-04-09 20:57:41:5741 info: Application is running on port 3000
2020-04-09 20:57:43:5743 info: Application is running on port 3000
2020-04-09 20:57:48:5748 info: Application is running on port 3000
2020-04-09 20:57:53:5753 info: Application is running on port 3000
2020-04-09 20:57:55:5755 info: Application is running on port 3000
2020-04-09 20:57:56:5756 info: Application is running on port 3000
2020-04-09 20:57:58:5758 info: Application is running on port 3000
2020-04-09 20:58:00:580 info: Application is running on port 3000
2020-04-09 20:58:01:581 info: Application is running on port 3000
2020-04-09 20:58:05:585 info: Application is running on port 3000
2020-04-09 20:58:08:588 info: Application is running on port 3000
2020-04-09 20:58:19:5819 info: Application is running on port 3000
2020-04-09 20:58:21:5821 info: Application is running on port 3000
2020-04-09 20:58:54:5854 info: Application is running on port 3000
2020-04-09 20:58:58:5858 info: Application is running on port 3000
2020-04-09 20:59:01:591 info: Application is running on port 3000
2020-04-09 20:59:03:593 info: Application is running on port 3000
2020-04-09 20:59:05:595 info: Application is running on port 3000
2020-04-09 20:59:08:598 info: Application is running on port 3000
2020-04-09 20:59:09:599 info: Application is running on port 3000
2020-04-09 22:07:02:72 info: Application is running on port 3000
2020-04-09 22:07:13:713 info: Application is running on port 3000
2020-04-09 22:07:16:716 info: Application is running on port 3000
2020-04-09 22:07:32:732 info: Application is running on port 3000
2020-04-09 22:07:33:733 info: Application is running on port 3000
2020-04-09 22:07:41:741 info: Application is running on port 3000
2020-04-09 22:07:45:745 info: Application is running on port 3000
2020-04-09 22:07:52:752 info: Application is running on port 3000
2020-04-09 22:07:57:757 info: Application is running on port 3000
2020-04-09 22:08:01:81 info: Application is running on port 3000
2020-04-09 22:08:06:86 info: Application is running on port 3000
2020-04-09 22:08:17:817 info: Application is running on port 3000
2020-04-09 22:08:29:829 info: Application is running on port 3000
2020-04-09 22:08:36:836 info: Application is running on port 3000
2020-04-09 22:08:42:842 info: Application is running on port 3000
2020-04-09 22:08:47:847 info: Application is running on port 3000
2020-04-09 22:08:49:849 info: Application is running on port 3000
2020-04-09 22:08:51:851 info: Application is running on port 3000
2020-04-09 22:08:56:856 info: Application is running on port 3000
2020-04-09 22:09:04:94 info: Application is running on port 3000
2020-04-09 22:09:10:910 info: Application is running on port 3000
2020-04-09 22:09:16:916 info: Application is running on port 3000
2020-04-09 22:09:34:934 info: Application is running on port 3000
2020-04-09 22:09:40:940 info: Application is running on port 3000
2020-04-09 22:09:45:945 info: Application is running on port 3000
2020-04-09 22:09:49:949 info: Application is running on port 3000
2020-04-09 22:09:53:953 info: Application is running on port 3000
2020-04-09 22:10:04:104 info: Application is running on port 3000
2020-04-09 22:10:07:107 info: Application is running on port 3000
2020-04-09 22:10:09:109 info: Application is running on port 3000
2020-04-09 22:10:13:1013 info: Application is running on port 3000
2020-04-09 22:10:22:1022 info: Application is running on port 3000
2020-04-09 22:12:37:1237 info: Application is running on port 3000
2020-04-09 22:12:40:1240 info: Application is running on port 3000
2020-04-09 22:12:44:1244 info: Application is running on port 3000
2020-04-09 22:12:47:1247 info: Application is running on port 3000
2020-04-09 22:12:50:1250 info: Application is running on port 3000
2020-04-09 22:12:52:1252 info: Application is running on port 3000
2020-04-09 22:12:57:1257 info: Application is running on port 3000
2020-04-09 22:12:58:1258 info: Application is running on port 3000
2020-04-09 22:13:00:130 info: Application is running on port 3000
2020-04-09 22:13:04:134 info: Application is running on port 3000
2020-04-09 22:13:06:136 info: Application is running on port 3000
2020-04-09 22:13:10:1310 info: Application is running on port 3000
2020-04-09 22:13:19:1319 info: Application is running on port 3000
2020-04-09 22:13:21:1321 info: Application is running on port 3000
2020-04-09 22:13:37:1337 info: Application is running on port 3000
2020-04-09 22:13:41:1341 info: Application is running on port 3000
2020-04-09 22:13:50:1350 info: Application is running on port 3000
2020-04-09 22:13:53:1353 info: Application is running on port 3000
2020-04-09 22:14:01:141 info: Application is running on port 3000
2020-04-09 22:14:02:142 info: Application is running on port 3000
2020-04-09 22:14:04:144 info: Application is running on port 3000
2020-04-09 22:18:01:181 info: Application is running on port 3000
2020-04-09 22:18:03:183 info: Application is running on port 3000
2020-04-09 22:18:06:186 info: Application is running on port 3000
2020-04-09 22:18:08:188 info: Application is running on port 3000
2020-04-09 22:18:20:1820 info: Application is running on port 3000
2020-04-09 22:20:43:2043 info: Application is running on port 3000
2020-04-09 22:20:56:2056 info: Application is running on port 3000
2020-04-09 22:23:24:2324 info: Application is running on port 3000
2020-04-09 22:23:27:2327 info: Application is running on port 3000
2020-04-09 22:23:28:2328 info: Application is running on port 3000
2020-04-09 22:25:32:2532 info: Application is running on port 3000
2020-04-09 22:25:34:2534 info: Application is running on port 3000
2020-04-09 22:25:39:2539 info: Application is running on port 3000
2020-04-09 22:25:41:2541 info: Application is running on port 3000
2020-04-09 22:27:47:2747 info: Application is running on port 3000
2020-04-09 22:27:50:2750 info: Application is running on port 3000
2020-04-09 22:27:51:2751 info: Application is running on port 3000
2020-04-09 22:27:58:2758 info: Application is running on port 3000
2020-04-09 22:28:01:281 info: Application is running on port 3000
2020-04-09 22:28:05:285 info: Application is running on port 3000
2020-04-09 22:28:08:288 info: Application is running on port 3000
2020-04-09 22:28:09:289 info: Application is running on port 3000
2020-04-09 22:28:53:2853 info: Application is running on port 3000
2020-04-09 22:29:00:290 info: Application is running on port 3000
2020-04-09 22:29:03:293 info: Application is running on port 3000
2020-04-09 22:29:05:295 info: Application is running on port 3000
2020-04-09 22:29:06:296 info: Application is running on port 3000
2020-04-09 22:29:08:298 info: Application is running on port 3000
2020-04-09 22:29:10:2910 info: Application is running on port 3000
2020-04-09 22:29:12:2912 info: Application is running on port 3000
2020-04-09 22:29:15:2915 info: Application is running on port 3000
2020-04-09 22:29:17:2917 info: Application is running on port 3000
2020-04-09 22:29:18:2918 info: Application is running on port 3000
2020-04-09 22:29:22:2922 info: Application is running on port 3000
2020-04-09 22:29:30:2930 info: Application is running on port 3000
2020-04-09 22:29:37:2937 info: Application is running on port 3000
2020-04-09 22:29:45:2945 info: Application is running on port 3000
2020-04-09 22:30:27:3027 info: Application is running on port 3000
2020-04-09 22:30:29:3029 info: Application is running on port 3000
2020-04-09 22:30:32:3032 info: Application is running on port 3000
2020-04-09 22:30:34:3034 info: Application is running on port 3000
2020-04-09 22:30:37:3037 info: Application is running on port 3000
2020-04-09 22:30:38:3038 info: Application is running on port 3000
2020-04-09 22:30:43:3043 info: Application is running on port 3000
2020-04-09 22:30:52:3052 info: Application is running on port 3000
2020-04-09 22:30:56:3056 info: Application is running on port 3000
2020-04-09 22:30:57:3057 info: Application is running on port 3000
2020-04-09 22:31:00:310 info: Application is running on port 3000
2020-04-09 22:31:05:315 info: Application is running on port 3000
2020-04-09 22:31:12:3112 info: Application is running on port 3000
2020-04-09 22:31:13:3113 info: Application is running on port 3000
2020-04-09 22:31:15:3115 info: Application is running on port 3000
2020-04-09 22:31:18:3118 info: Application is running on port 3000
2020-04-09 22:31:20:3120 info: Application is running on port 3000
2020-04-09 22:31:22:3122 info: Application is running on port 3000
2020-04-09 22:31:23:3123 info: Application is running on port 3000
2020-04-09 22:31:27:3127 info: Application is running on port 3000
2020-04-09 22:31:29:3129 info: Application is running on port 3000
2020-04-09 22:31:48:3148 info: Application is running on port 3000
2020-04-09 22:31:52:3152 info: Application is running on port 3000
2020-04-09 22:31:55:3155 info: Application is running on port 3000
2020-04-09 22:32:02:322 info: Application is running on port 3000
2020-04-09 22:32:10:3210 info: Application is running on port 3000
2020-04-09 22:32:12:3212 info: Application is running on port 3000
2020-04-09 22:32:22:3222 info: Application is running on port 3000
2020-04-09 22:32:25:3225 info: Application is running on port 3000
2020-04-09 22:32:34:3234 info: Application is running on port 3000
2020-04-09 22:32:37:3237 info: Application is running on port 3000
2020-04-09 22:32:38:3238 info: Application is running on port 3000
2020-04-09 22:32:41:3241 info: Application is running on port 3000
2020-04-09 22:32:45:3245 info: Application is running on port 3000
2020-04-09 22:32:50:3250 info: Application is running on port 3000
2020-04-09 22:33:01:331 info: Application is running on port 3000
2020-04-09 22:33:07:337 info: Application is running on port 3000
2020-04-09 22:35:03:353 info: Application is running on port 3000
2020-04-09 22:36:59:3659 info: Application is running on port 3000
2020-04-09 22:37:06:376 info: Application is running on port 3000
2020-04-09 22:37:11:3711 info: Application is running on port 3000
2020-04-09 22:37:37:3737 info: Application is running on port 3000
2020-04-09 22:37:38:3738 info: Application is running on port 3000
2020-04-09 22:37:42:3742 info: Application is running on port 3000
2020-04-09 22:37:44:3744 info: Application is running on port 3000
2020-04-09 22:37:48:3748 info: Application is running on port 3000
2020-04-09 22:37:49:3749 info: Application is running on port 3000
2020-04-09 22:37:56:3756 info: Application is running on port 3000
2020-04-09 22:37:59:3759 info: Application is running on port 3000
2020-04-09 22:40:16:4016 info: Application is running on port 3000
2020-04-09 22:42:38:4238 info: Application is running on port 3000
2020-04-09 22:42:44:4244 info: Application is running on port 3000
2020-04-09 22:42:51:4251 info: Application is running on port 3000
2020-04-09 22:42:53:4253 info: Application is running on port 3000
2020-04-09 22:42:59:4259 info: Application is running on port 3000
2020-04-09 22:43:01:431 info: Application is running on port 3000
2020-04-09 22:43:03:433 info: Application is running on port 3000
2020-04-09 22:43:04:434 info: Application is running on port 3000
2020-04-09 22:43:06:436 info: Application is running on port 3000
2020-04-09 22:43:10:4310 info: Application is running on port 3000
2020-04-09 22:43:12:4312 info: Application is running on port 3000
2020-04-09 22:43:15:4315 info: Application is running on port 3000
2020-04-09 22:43:17:4317 info: Application is running on port 3000
2020-04-09 22:43:18:4318 info: Application is running on port 3000
2020-04-09 22:43:21:4321 info: Application is running on port 3000
2020-04-09 22:43:23:4323 info: Application is running on port 3000
2020-04-09 22:43:26:4326 info: Application is running on port 3000
2020-04-09 22:43:27:4327 info: Application is running on port 3000
2020-04-09 22:43:31:4331 info: Application is running on port 3000
2020-04-09 22:43:38:4338 info: Application is running on port 3000
2020-04-09 22:43:47:4347 info: Application is running on port 3000
2020-04-09 22:45:41:4541 info: Application is running on port 3000
2020-04-09 22:46:01:461 info: Application is running on port 3000
2020-04-09 22:46:06:466 info: Application is running on port 3000
2020-04-09 22:46:08:468 info: Application is running on port 3000
2020-04-09 22:46:13:4613 info: Application is running on port 3000
2020-04-09 22:46:19:4619 info: Application is running on port 3000
2020-04-09 22:46:23:4623 info: Application is running on port 3000
2020-04-09 22:46:25:4625 info: Application is running on port 3000
2020-04-09 22:46:27:4627 info: Application is running on port 3000
2020-04-09 22:46:31:4631 info: Application is running on port 3000
2020-04-09 22:46:33:4633 info: Application is running on port 3000
2020-04-09 22:46:35:4635 info: Application is running on port 3000
2020-04-09 22:46:41:4641 info: Application is running on port 3000
2020-04-09 22:46:49:4649 info: Application is running on port 3000
2020-04-09 22:46:54:4654 info: Application is running on port 3000
2020-04-09 22:47:00:470 info: Application is running on port 3000
2020-04-09 22:47:11:4711 info: Application is running on port 3000
2020-04-09 22:47:18:4718 info: Application is running on port 3000
2020-04-09 22:47:21:4721 info: Application is running on port 3000
2020-04-09 22:47:22:4722 info: Application is running on port 3000
2020-04-09 22:47:33:4733 info: Application is running on port 3000
2020-04-09 22:47:36:4736 info: Application is running on port 3000
2020-04-09 22:47:42:4742 info: Application is running on port 3000
2020-04-09 22:47:53:4753 info: Application is running on port 3000
2020-04-09 22:48:03:483 info: Application is running on port 3000
2020-04-09 22:48:41:4841 info: Application is running on port 3000
2020-04-09 22:48:42:4842 info: Application is running on port 3000
2020-04-09 22:48:45:4845 info: Application is running on port 3000
2020-04-09 22:48:54:4854 info: Application is running on port 3000
2020-04-09 22:48:56:4856 info: Application is running on port 3000
2020-04-09 22:48:59:4859 info: Application is running on port 3000
2020-04-09 22:49:02:492 info: Application is running on port 3000
2020-04-09 22:49:03:493 info: Application is running on port 3000
2020-04-09 22:49:43:4943 info: Application is running on port 3000
2020-04-09 22:49:44:4944 info: Application is running on port 3000
2020-04-09 22:49:49:4949 info: Application is running on port 3000
2020-04-09 22:50:10:5010 info: Application is running on port 3000
2020-04-09 22:50:11:5011 info: Application is running on port 3000
2020-04-09 22:50:15:5015 info: Application is running on port 3000
2020-04-09 22:50:21:5021 info: Application is running on port 3000
2020-04-09 22:50:24:5024 info: Application is running on port 3000
2020-04-09 22:50:26:5026 info: Application is running on port 3000
2020-04-09 22:50:27:5027 info: Application is running on port 3000
2020-04-09 22:50:34:5034 info: Application is running on port 3000
2020-04-09 22:50:45:5045 info: Application is running on port 3000
2020-04-09 22:50:55:5055 info: Application is running on port 3000
2020-04-09 22:51:00:510 info: Application is running on port 3000
2020-04-09 22:51:04:514 info: Application is running on port 3000
2020-04-09 22:51:13:5113 info: Application is running on port 3000
2020-04-09 22:51:16:5116 info: Application is running on port 3000
2020-04-09 22:51:19:5119 info: Application is running on port 3000
2020-04-09 22:51:22:5122 info: Application is running on port 3000
2020-04-09 22:51:23:5123 info: Application is running on port 3000
2020-04-09 22:51:27:5127 info: Application is running on port 3000
2020-04-09 22:51:30:5130 info: Application is running on port 3000
2020-04-09 22:51:32:5132 info: Application is running on port 3000
2020-04-09 22:52:53:5253 info: Application is running on port 3000
2020-04-09 22:52:56:5256 info: Application is running on port 3000
2020-04-09 22:53:02:532 info: Application is running on port 3000
2020-04-09 22:53:10:5310 info: Application is running on port 3000
2020-04-09 22:53:11:5311 info: Application is running on port 3000
2020-04-09 22:53:13:5313 info: Application is running on port 3000
2020-04-09 22:53:16:5316 info: Application is running on port 3000
2020-04-09 22:53:40:5340 info: Application is running on port 3000
2020-04-09 22:57:49:5749 info: Application is running on port 3000
2020-04-09 22:57:50:5750 info: Application is running on port 3000
2020-04-09 22:57:58:5758 info: Application is running on port 3000
2020-04-09 22:58:04:584 info: Application is running on port 3000
2020-04-09 22:58:08:588 info: Application is running on port 3000
2020-04-09 22:58:11:5811 info: Application is running on port 3000
2020-04-09 22:58:13:5813 info: Application is running on port 3000
2020-04-09 22:58:17:5817 info: Application is running on port 3000
2020-04-09 22:58:21:5821 info: Application is running on port 3000
2020-04-09 22:58:24:5824 info: Application is running on port 3000
2020-04-09 22:59:07:597 info: Application is running on port 3000
2020-04-09 22:59:17:5917 info: Application is running on port 3000
2020-04-09 22:59:18:5918 info: Application is running on port 3000
2020-04-09 22:59:21:5921 info: Application is running on port 3000
2020-04-09 22:59:24:5924 info: Application is running on port 3000
2020-04-09 22:59:26:5926 info: Application is running on port 3000
2020-04-09 22:59:31:5931 info: Application is running on port 3000
2020-04-09 22:59:35:5935 info: Application is running on port 3000
2020-04-09 22:59:36:5936 info: Application is running on port 3000
2020-04-09 23:01:28:128 info: Application is running on port 3000
2020-04-09 23:01:35:135 info: Application is running on port 3000
2020-04-09 23:02:06:26 info: Application is running on port 3000
2020-04-09 23:02:07:27 info: Application is running on port 3000
2020-04-09 23:02:29:229 info: Application is running on port 3000
2020-04-09 23:02:31:231 info: Application is running on port 3000
2020-04-09 23:02:36:236 info: Application is running on port 3000
2020-04-09 23:02:37:237 info: Application is running on port 3000
2020-04-09 23:02:47:247 info: Application is running on port 3000
2020-04-09 23:02:49:249 info: Application is running on port 3000
2020-04-09 23:02:55:255 info: Application is running on port 3000
2020-04-09 23:02:57:257 info: Application is running on port 3000
2020-04-09 23:03:00:30 info: Application is running on port 3000
2020-04-09 23:05:19:519 info: Application is running on port 3000
2020-04-09 23:05:27:527 info: Application is running on port 3000
2020-04-09 23:05:30:530 info: Application is running on port 3000
2020-04-09 23:05:37:537 info: Application is running on port 3000
2020-04-09 23:05:45:545 info: Application is running on port 3000
2020-04-09 23:05:47:547 info: Application is running on port 3000
2020-04-09 23:05:49:549 info: Application is running on port 3000
2020-04-09 23:05:56:556 info: Application is running on port 3000
2020-04-09 23:06:00:60 info: Application is running on port 3000
2020-04-09 23:06:05:65 info: Application is running on port 3000
2020-04-09 23:06:09:69 info: Application is running on port 3000
2020-04-09 23:06:10:610 info: Application is running on port 3000
2020-04-09 23:06:12:612 info: Application is running on port 3000
2020-04-09 23:06:17:617 info: Application is running on port 3000
2020-04-09 23:06:19:619 info: Application is running on port 3000
2020-04-09 23:06:21:621 info: Application is running on port 3000
2020-04-09 23:06:31:631 info: Application is running on port 3000
2020-04-09 23:06:34:634 info: Application is running on port 3000
2020-04-09 23:06:39:639 info: Application is running on port 3000
2020-04-09 23:06:41:641 info: Application is running on port 3000
2020-04-09 23:06:43:643 info: Application is running on port 3000
2020-04-09 23:06:45:645 info: Application is running on port 3000
2020-04-09 23:06:49:649 info: Application is running on port 3000
2020-04-09 23:06:55:655 info: Application is running on port 3000
2020-04-09 23:07:05:75 info: Application is running on port 3000
2020-04-09 23:07:12:712 info: Application is running on port 3000
2020-04-09 23:07:16:716 info: Application is running on port 3000
2020-04-09 23:07:22:722 info: Application is running on port 3000
2020-04-09 23:26:20:2620 info: Application is running on port 3000
2020-04-09 23:26:27:2627 info: Application is running on port 3000
2020-04-09 23:26:30:2630 info: Application is running on port 3000
2020-04-09 23:26:36:2636 info: Application is running on port 3000
2020-04-09 23:26:40:2640 info: Application is running on port 3000
2020-04-09 23:26:50:2650 info: Application is running on port 3000
2020-04-09 23:26:59:2659 info: Application is running on port 3000
2020-04-09 23:27:00:270 info: Application is running on port 3000
2020-04-09 23:27:10:2710 info: Application is running on port 3000
2020-04-09 23:27:17:2717 info: Application is running on port 3000
2020-04-09 23:27:20:2720 info: Application is running on port 3000
2020-04-09 23:27:28:2728 info: Application is running on port 3000
2020-04-09 23:27:33:2733 info: Application is running on port 3000
2020-04-09 23:27:34:2734 info: Application is running on port 3000
2020-04-09 23:27:37:2737 info: Application is running on port 3000
2020-04-09 23:27:40:2740 info: Application is running on port 3000
2020-04-09 23:27:41:2741 info: Application is running on port 3000
2020-04-09 23:27:51:2751 info: Application is running on port 3000
2020-04-09 23:27:53:2753 info: Application is running on port 3000
2020-04-09 23:27:55:2755 info: Application is running on port 3000
2020-04-09 23:28:01:281 info: Application is running on port 3000
2020-04-10 04:10:24:1024 info: Application is running on port 3000
2020-04-10 04:10:29:1029 info: Application is running on port 3000
2020-04-10 04:10:32:1032 info: Application is running on port 3000
2020-04-10 04:10:36:1036 info: Application is running on port 3000
2020-04-10 04:10:48:1048 info: Application is running on port 3000
2020-04-10 04:10:53:1053 info: Application is running on port 3000
2020-04-10 04:10:59:1059 info: Application is running on port 3000
2020-04-10 04:11:05:115 info: Application is running on port 3000
2020-04-10 04:11:06:116 info: Application is running on port 3000
2020-04-10 04:11:09:119 info: Application is running on port 3000
2020-04-10 04:11:13:1113 info: Application is running on port 3000
2020-04-10 04:11:14:1114 info: Application is running on port 3000
2020-04-10 04:11:22:1122 info: Application is running on port 3000
2020-04-10 04:11:24:1124 info: Application is running on port 3000
2020-04-10 04:11:25:1125 info: Application is running on port 3000
2020-04-10 04:11:27:1127 info: Application is running on port 3000
2020-04-10 04:11:30:1130 info: Application is running on port 3000
2020-04-10 04:11:33:1133 info: Application is running on port 3000
2020-04-10 04:11:36:1136 info: Application is running on port 3000
2020-04-10 04:11:44:1144 info: Application is running on port 3000
2020-04-10 04:11:48:1148 info: Application is running on port 3000
2020-04-10 04:11:51:1151 info: Application is running on port 3000
2020-04-10 04:11:53:1153 info: Application is running on port 3000
2020-04-10 04:11:55:1155 info: Application is running on port 3000
2020-04-10 04:12:23:1223 info: Application is running on port 3000
2020-04-10 04:12:27:1227 info: Application is running on port 3000
2020-04-10 04:12:37:1237 info: Application is running on port 3000
2020-04-10 04:12:40:1240 info: Application is running on port 3000
2020-04-10 04:12:42:1242 info: Application is running on port 3000
2020-04-10 04:12:43:1243 info: Application is running on port 3000
2020-04-10 04:12:45:1245 info: Application is running on port 3000
2020-04-10 04:12:50:1250 info: Application is running on port 3000
2020-04-10 04:12:52:1252 info: Application is running on port 3000
2020-04-10 04:12:54:1254 info: Application is running on port 3000
2020-04-10 04:12:55:1255 info: Application is running on port 3000
2020-04-10 04:12:57:1257 info: Application is running on port 3000
2020-04-10 04:13:01:131 info: Application is running on port 3000
2020-04-10 04:13:03:133 info: Application is running on port 3000
2020-04-10 04:13:04:134 info: Application is running on port 3000
2020-04-10 04:13:07:137 info: Application is running on port 3000
2020-04-10 04:13:13:1313 info: Application is running on port 3000
2020-04-10 04:13:15:1315 info: Application is running on port 3000
2020-04-10 04:13:24:1324 info: Application is running on port 3000
2020-04-10 04:13:53:1353 info: Application is running on port 3000
2020-04-10 04:13:56:1356 info: Application is running on port 3000
2020-04-10 04:14:01:141 info: Application is running on port 3000
2020-04-10 04:14:03:143 info: Application is running on port 3000
2020-04-10 04:14:06:146 info: Application is running on port 3000
2020-04-10 04:14:12:1412 info: Application is running on port 3000
2020-04-10 04:14:20:1420 info: Application is running on port 3000
2020-04-10 04:14:23:1423 info: Application is running on port 3000
2020-04-10 04:14:25:1425 info: Application is running on port 3000
2020-04-10 04:14:27:1427 info: Application is running on port 3000
2020-04-10 04:14:28:1428 info: Application is running on port 3000
2020-04-10 04:15:24:1524 info: Application is running on port 3000
2020-04-10 04:15:26:1526 info: Application is running on port 3000
2020-04-10 04:15:29:1529 info: Application is running on port 3000
2020-04-10 04:15:33:1533 info: Application is running on port 3000
2020-04-10 04:15:36:1536 info: Application is running on port 3000
2020-04-10 04:15:39:1539 info: Application is running on port 3000
2020-04-10 04:15:42:1542 info: Application is running on port 3000
2020-04-10 04:15:45:1545 info: Application is running on port 3000
2020-04-10 04:15:46:1546 info: Application is running on port 3000
2020-04-10 04:15:55:1555 info: Application is running on port 3000
2020-04-10 04:15:58:1558 info: Application is running on port 3000
2020-04-10 04:16:04:164 info: Application is running on port 3000
2020-04-10 04:16:12:1612 info: Application is running on port 3000
2020-04-10 04:16:16:1616 info: Application is running on port 3000
2020-04-10 04:16:20:1620 info: Application is running on port 3000
2020-04-10 04:16:22:1622 info: Application is running on port 3000
2020-04-10 04:16:24:1624 info: Application is running on port 3000
2020-04-10 04:16:28:1628 info: Application is running on port 3000
2020-04-10 04:16:30:1630 info: Application is running on port 3000
2020-04-10 04:16:33:1633 info: Application is running on port 3000
2020-04-10 04:17:00:170 info: Application is running on port 3000
2020-04-10 04:17:04:174 info: Application is running on port 3000
2020-04-10 04:17:10:1710 info: Application is running on port 3000
2020-04-10 04:17:25:1725 info: Application is running on port 3000
2020-04-10 04:17:32:1732 info: Application is running on port 3000
2020-04-10 04:17:35:1735 info: Application is running on port 3000
2020-04-10 04:17:37:1737 info: Application is running on port 3000
2020-04-10 04:17:39:1739 info: Application is running on port 3000
2020-04-10 04:17:41:1741 info: Application is running on port 3000
2020-04-10 04:17:42:1742 info: Application is running on port 3000
2020-04-10 04:21:48:2148 info: Application is running on port 3000
2020-04-10 04:22:53:2253 info: Application is running on port 3000
2020-04-10 04:23:20:2320 info: Application is running on port 3000
2020-04-10 04:23:23:2323 info: Application is running on port 3000
2020-04-10 04:23:25:2325 info: Application is running on port 3000
2020-04-10 04:23:48:2348 info: Application is running on port 3000
2020-04-10 04:23:51:2351 info: Application is running on port 3000
2020-04-10 04:23:52:2352 info: Application is running on port 3000
2020-04-10 04:23:54:2354 info: Application is running on port 3000
2020-04-10 04:24:59:2459 info: Application is running on port 3000
2020-04-10 04:27:15:2715 info: Application is running on port 3000
2020-04-10 04:27:20:2720 info: Application is running on port 3000
2020-04-10 04:27:21:2721 info: Application is running on port 3000
2020-04-10 04:27:25:2725 info: Application is running on port 3000
2020-04-10 04:27:37:2737 info: Application is running on port 3000
2020-04-10 04:27:40:2740 info: Application is running on port 3000
2020-04-10 04:27:45:2745 info: Application is running on port 3000
2020-04-10 04:28:02:282 info: Application is running on port 3000
2020-04-10 04:28:10:2810 info: Application is running on port 3000
2020-04-10 04:31:03:313 info: Application is running on port 3000
2020-04-10 04:31:15:3115 info: Application is running on port 3000
2020-04-10 04:31:23:3123 info: Application is running on port 3000
2020-04-10 04:31:25:3125 info: Application is running on port 3000
2020-04-10 04:31:26:3126 info: Application is running on port 3000
2020-04-10 04:31:30:3130 info: Application is running on port 3000
2020-04-10 04:31:35:3135 info: Application is running on port 3000
2020-04-10 04:37:01:371 info: Application is running on port 3000
2020-04-10 04:37:02:372 info: Application is running on port 3000
2020-04-10 04:37:04:374 info: Application is running on port 3000
2020-04-10 04:37:47:3747 info: Application is running on port 3000
2020-04-10 04:37:53:3753 info: Application is running on port 3000
2020-04-10 04:38:01:381 info: Application is running on port 3000
2020-04-10 04:38:05:385 info: Application is running on port 3000
2020-04-10 04:38:06:386 info: Application is running on port 3000
2020-04-10 04:38:10:3810 info: Application is running on port 3000
2020-04-10 04:38:13:3813 info: Application is running on port 3000
2020-04-10 04:38:15:3815 info: Application is running on port 3000
2020-04-10 04:38:20:3820 info: Application is running on port 3000
2020-04-10 04:38:26:3826 info: Application is running on port 3000
2020-04-10 04:38:33:3833 info: Application is running on port 3000
2020-04-10 04:39:41:3941 info: Application is running on port 3000
2020-04-10 04:40:20:4020 info: Application is running on port 3000
2020-04-10 04:40:22:4022 info: Application is running on port 3000
2020-04-10 04:40:29:4029 info: Application is running on port 3000
2020-04-10 04:40:33:4033 info: Application is running on port 3000
2020-04-10 04:41:08:418 info: Application is running on port 3000
2020-04-10 04:41:13:4113 info: Application is running on port 3000
2020-04-10 04:41:14:4114 info: Application is running on port 3000
2020-04-10 04:41:16:4116 info: Application is running on port 3000
2020-04-10 04:41:20:4120 info: Application is running on port 3000
2020-04-10 04:41:21:4121 info: Application is running on port 3000
2020-04-10 04:41:23:4123 info: Application is running on port 3000
2020-04-10 04:41:26:4126 info: Application is running on port 3000
2020-04-10 04:41:30:4130 info: Application is running on port 3000
2020-04-10 04:41:33:4133 info: Application is running on port 3000
2020-04-10 04:41:35:4135 info: Application is running on port 3000
2020-04-10 04:41:37:4137 info: Application is running on port 3000
2020-04-10 04:41:44:4144 info: Application is running on port 3000
2020-04-10 04:41:47:4147 info: Application is running on port 3000
2020-04-10 04:41:48:4148 info: Application is running on port 3000
2020-04-10 04:41:53:4153 info: Application is running on port 3000
2020-04-10 04:41:56:4156 info: Application is running on port 3000
2020-04-10 04:42:03:423 info: Application is running on port 3000
2020-04-10 04:42:08:428 info: Application is running on port 3000
2020-04-10 04:42:11:4211 info: Application is running on port 3000
2020-04-10 04:42:24:4224 info: Application is running on port 3000
2020-04-10 04:42:33:4233 info: Application is running on port 3000
2020-04-10 04:42:36:4236 info: Application is running on port 3000
2020-04-10 04:42:46:4246 info: Application is running on port 3000
2020-04-10 04:42:53:4253 info: Application is running on port 3000
2020-04-10 04:43:20:4320 info: Application is running on port 3000
2020-04-10 04:43:30:4330 info: Application is running on port 3000
2020-04-10 04:43:34:4334 info: Application is running on port 3000
2020-04-10 04:43:37:4337 info: Application is running on port 3000
2020-04-10 04:43:41:4341 info: Application is running on port 3000
2020-04-10 04:43:55:4355 info: Application is running on port 3000
2020-04-10 04:44:00:440 info: Application is running on port 3000
2020-04-10 04:44:12:4412 info: Application is running on port 3000
2020-04-10 04:44:47:4447 info: Application is running on port 3000
2020-04-10 04:44:50:4450 info: Application is running on port 3000
2020-04-10 04:45:27:4527 info: Application is running on port 3000
2020-04-10 04:45:29:4529 info: Application is running on port 3000
2020-04-10 04:45:33:4533 info: Application is running on port 3000
2020-04-10 04:45:37:4537 info: Application is running on port 3000
2020-04-10 04:45:38:4538 info: Application is running on port 3000
2020-04-10 04:45:43:4543 info: Application is running on port 3000
2020-04-10 04:45:52:4552 info: Application is running on port 3000
2020-04-10 04:46:28:4628 info: Application is running on port 3000
2020-04-10 04:46:44:4644 info: Application is running on port 3000
2020-04-10 04:46:58:4658 info: Application is running on port 3000
2020-04-10 04:47:05:475 info: Application is running on port 3000
2020-04-10 04:47:07:477 info: Application is running on port 3000
2020-04-10 04:48:01:481 info: Application is running on port 3000
2020-04-10 04:48:11:4811 info: Application is running on port 3000
2020-04-10 04:48:58:4858 info: Application is running on port 3000
2020-04-10 04:54:00:540 info: Application is running on port 3000
2020-04-10 04:54:14:5414 info: Application is running on port 3000
2020-04-10 04:54:19:5419 info: Application is running on port 3000
2020-04-10 04:54:30:5430 info: Application is running on port 3000
2020-04-10 04:54:35:5435 info: Application is running on port 3000
2020-04-10 04:54:39:5439 info: Application is running on port 3000
2020-04-10 04:54:45:5445 info: Application is running on port 3000
2020-04-10 04:54:49:5449 info: Application is running on port 3000
2020-04-10 04:54:53:5453 info: Application is running on port 3000
2020-04-10 04:55:32:5532 info: Application is running on port 3000
2020-04-10 04:56:49:5649 info: Application is running on port 3000
2020-04-10 04:57:03:573 info: Application is running on port 3000
2020-04-10 04:57:10:5710 info: Application is running on port 3000
2020-04-10 04:57:13:5713 info: Application is running on port 3000
2020-04-10 04:57:38:5738 info: Application is running on port 3000
2020-04-10 04:58:08:588 info: Application is running on port 3000
2020-04-10 05:03:01:31 info: Application is running on port 3000
2020-04-10 05:03:04:34 info: Application is running on port 3000
2020-04-10 05:03:16:316 info: Application is running on port 3000
2020-04-10 05:04:08:48 info: Application is running on port 3000
2020-04-10 05:10:45:1045 info: Application is running on port 3000
2020-04-10 05:12:43:1243 info: Application is running on port 3000
2020-04-10 05:12:51:1251 info: Application is running on port 3000
2020-04-10 05:15:06:156 info: Application is running on port 3000
2020-04-10 05:15:28:1528 info: Application is running on port 3000
2020-04-10 05:15:56:1556 info: Application is running on port 3000
2020-04-10 05:16:05:165 info: Application is running on port 3000
2020-04-10 05:16:12:1612 info: Application is running on port 3000
2020-04-10 05:17:10:1710 info: Application is running on port 3000
2020-04-10 05:17:22:1722 info: Application is running on port 3000
2020-04-10 05:17:30:1730 info: Application is running on port 3000
2020-04-10 05:17:32:1732 error: SequelizeValidationError: notNull Violation: user.user_type_id cannot be null
2020-04-10 05:17:44:1744 info: Application is running on port 3000
2020-04-10 05:20:51:2051 info: Application is running on port 3000
2020-04-10 05:21:01:211 info: Application is running on port 3000
2020-04-10 05:26:13:2613 error: SequelizeDatabaseError: Unknown column 'hierarchyLevel' in 'field list'
2020-04-10 05:27:12:2712 info: Application is running on port 3000
2020-04-10 05:27:43:2743 info: Application is running on port 3000
2020-04-10 05:27:51:2751 error: SequelizeUniqueConstraintError: Validation error
2020-04-10 05:28:27:2827 info: Application is running on port 3000
2020-04-10 05:28:30:2830 info: Application is running on port 3000
2020-04-10 05:28:33:2833 error: SequelizeUniqueConstraintError: Validation error
2020-04-10 05:29:03:293 info: Application is running on port 3000
2020-04-10 05:29:14:2914 info: Application is running on port 3000
2020-04-10 05:29:17:2917 info: Application is running on port 3000
2020-04-10 05:29:23:2923 info: Application is running on port 3000
2020-04-10 05:29:33:2933 info: Application is running on port 3000
2020-04-10 05:29:34:2934 error: SequelizeUniqueConstraintError: Validation error
2020-04-10 05:29:58:2958 info: Application is running on port 3000
2020-04-10 05:30:07:307 info: Application is running on port 3000
2020-04-10 05:34:26:3426 info: Application is running on port 3000
2020-04-10 05:34:33:3433 info: Application is running on port 3000
2020-04-10 05:34:40:3440 info: Application is running on port 3000
2020-04-10 05:34:46:3446 error: SequelizeUniqueConstraintError: Validation error
2020-04-10 05:35:22:3522 info: Application is running on port 3000
2020-04-10 05:37:18:3718 info: Application is running on port 3000
2020-04-10 05:37:26:3726 info: Application is running on port 3000
2020-04-10 05:37:38:3738 info: Application is running on port 3000
2020-04-10 05:37:39:3739 info: Application is running on port 3000
2020-04-10 05:37:51:3751 info: Application is running on port 3000
2020-04-10 05:37:58:3758 info: Application is running on port 3000
2020-04-10 05:38:00:380 info: Application is running on port 3000
2020-04-10 05:38:02:382 info: Application is running on port 3000
2020-04-10 05:38:05:385 info: Application is running on port 3000
2020-04-10 05:38:09:389 info: Application is running on port 3000
2020-04-10 05:38:39:3839 info: Application is running on port 3000
2020-04-10 05:38:47:3847 info: Application is running on port 3000
2020-04-10 05:39:12:3912 info: Application is running on port 3000
2020-04-10 05:39:15:3915 info: Application is running on port 3000
2020-04-10 05:39:19:3919 info: Application is running on port 3000
2020-04-10 05:39:20:3920 info: Application is running on port 3000
2020-04-10 05:39:24:3924 info: Application is running on port 3000
2020-04-10 05:39:32:3932 info: Application is running on port 3000
2020-04-10 05:39:34:3934 info: Application is running on port 3000
2020-04-10 05:39:36:3936 info: Application is running on port 3000
2020-04-10 05:39:40:3940 info: Application is running on port 3000
2020-04-10 05:39:48:3948 info: Application is running on port 3000
2020-04-10 05:39:53:3953 info: Application is running on port 3000
2020-04-10 05:39:55:3955 error: SequelizeUniqueConstraintError: Email address already in use!
2020-04-10 05:42:35:4235 info: Application is running on port 3000
2020-04-10 05:46:26:4626 info: Application is running on port 3000
2020-04-10 05:46:34:4634 info: Application is running on port 3000
2020-04-10 05:48:17:4817 info: Application is running on port 3000
2020-04-10 05:50:26:5026 info: Application is running on port 3000
2020-04-10 05:50:29:5029 info: Application is running on port 3000
2020-04-10 05:50:35:5035 info: Application is running on port 3000
2020-04-10 05:51:26:5126 info: Application is running on port 3000
2020-04-10 05:52:13:5213 info: Application is running on port 3000
2020-04-10 05:52:14:5214 info: Application is running on port 3000
2020-04-10 05:52:16:5216 info: Application is running on port 3000
2020-04-10 05:52:30:5230 info: Application is running on port 3000
2020-04-10 05:52:34:5234 info: Application is running on port 3000
2020-04-10 05:53:16:5316 info: Application is running on port 3000
2020-04-10 05:54:00:540 error: SequelizeDatabaseError: Table 'next_crypto.user' doesn't exist
2020-04-10 05:54:08:548 info: Application is running on port 3000
2020-04-10 05:55:04:554 info: Application is running on port 3000
2020-04-10 05:56:07:567 info: Application is running on port 3000
2020-04-10 05:56:17:5617 info: Application is running on port 3000
2020-04-10 05:56:20:5620 info: Application is running on port 3000
2020-04-10 05:56:48:5648 info: Application is running on port 3000
